{"/Users/joeroaden/Desktop/galactic-calc/src/calc.js": {"path":"/Users/joeroaden/Desktop/galactic-calc/src/calc.js","statementMap":{"0":{"start":{"line":3,"column":4},"end":{"line":3,"column":27}},"1":{"start":{"line":6,"column":23},"end":{"line":6,"column":53}},"2":{"start":{"line":7,"column":4},"end":{"line":7,"column":24}},"3":{"start":{"line":10,"column":21},"end":{"line":10,"column":51}},"4":{"start":{"line":11,"column":4},"end":{"line":11,"column":22}},"5":{"start":{"line":14,"column":20},"end":{"line":14,"column":51}},"6":{"start":{"line":15,"column":4},"end":{"line":15,"column":21}}},"fnMap":{"0":{"name":"(anonymous_0)","decl":{"start":{"line":2,"column":3},"end":{"line":2,"column":4}},"loc":{"start":{"line":2,"column":24},"end":{"line":4,"column":2}},"line":2},"1":{"name":"(anonymous_1)","decl":{"start":{"line":5,"column":2},"end":{"line":5,"column":3}},"loc":{"start":{"line":5,"column":15},"end":{"line":8,"column":3}},"line":5},"2":{"name":"(anonymous_2)","decl":{"start":{"line":9,"column":2},"end":{"line":9,"column":3}},"loc":{"start":{"line":9,"column":13},"end":{"line":12,"column":3}},"line":9},"3":{"name":"(anonymous_3)","decl":{"start":{"line":13,"column":2},"end":{"line":13,"column":3}},"loc":{"start":{"line":13,"column":12},"end":{"line":16,"column":3}},"line":13},"4":{"name":"(anonymous_4)","decl":{"start":{"line":17,"column":2},"end":{"line":17,"column":3}},"loc":{"start":{"line":17,"column":15},"end":{"line":19,"column":3}},"line":17}},"branchMap":{},"s":{"0":5,"1":1,"2":1,"3":1,"4":1,"5":1,"6":1},"f":{"0":5,"1":1,"2":1,"3":1,"4":1},"b":{},"_coverageSchema":"43e27e138ebf9cfc5966b082cf9a028302ed4184","hash":"a759e38eb449fb08b4886a9c09302f7bb38865cc"}
}
