{"/Users/joeroaden/Desktop/galactic-calc/src/calc.js": {"path":"/Users/joeroaden/Desktop/galactic-calc/src/calc.js","statementMap":{"0":{"start":{"line":3,"column":4},"end":{"line":3,"column":27}},"1":{"start":{"line":6,"column":23},"end":{"line":6,"column":54}},"2":{"start":{"line":7,"column":4},"end":{"line":7,"column":24}},"3":{"start":{"line":10,"column":21},"end":{"line":10,"column":52}},"4":{"start":{"line":11,"column":4},"end":{"line":11,"column":22}},"5":{"start":{"line":14,"column":20},"end":{"line":14,"column":51}},"6":{"start":{"line":15,"column":4},"end":{"line":15,"column":21}},"7":{"start":{"line":18,"column":23},"end":{"line":18,"column":55}},"8":{"start":{"line":19,"column":4},"end":{"line":19,"column":24}},"9":{"start":{"line":22,"column":25},"end":{"line":22,"column":27}},"10":{"start":{"line":23,"column":4},"end":{"line":23,"column":26}},"11":{"start":{"line":26,"column":25},"end":{"line":26,"column":27}},"12":{"start":{"line":27,"column":16},"end":{"line":27,"column":18}},"13":{"start":{"line":28,"column":26},"end":{"line":28,"column":60}},"14":{"start":{"line":29,"column":4},"end":{"line":29,"column":27}},"15":{"start":{"line":32,"column":25},"end":{"line":32,"column":27}},"16":{"start":{"line":33,"column":16},"end":{"line":33,"column":18}},"17":{"start":{"line":34,"column":26},"end":{"line":34,"column":60}},"18":{"start":{"line":35,"column":26},"end":{"line":35,"column":59}},"19":{"start":{"line":36,"column":4},"end":{"line":36,"column":27}},"20":{"start":{"line":39,"column":25},"end":{"line":39,"column":27}},"21":{"start":{"line":40,"column":16},"end":{"line":40,"column":18}},"22":{"start":{"line":41,"column":26},"end":{"line":41,"column":60}},"23":{"start":{"line":42,"column":24},"end":{"line":42,"column":57}},"24":{"start":{"line":43,"column":4},"end":{"line":43,"column":25}},"25":{"start":{"line":46,"column":25},"end":{"line":46,"column":27}},"26":{"start":{"line":47,"column":16},"end":{"line":47,"column":18}},"27":{"start":{"line":48,"column":26},"end":{"line":48,"column":60}},"28":{"start":{"line":49,"column":23},"end":{"line":49,"column":57}},"29":{"start":{"line":50,"column":4},"end":{"line":50,"column":23}}},"fnMap":{"0":{"name":"(anonymous_0)","decl":{"start":{"line":2,"column":2},"end":{"line":2,"column":3}},"loc":{"start":{"line":2,"column":23},"end":{"line":4,"column":3}},"line":2},"1":{"name":"(anonymous_1)","decl":{"start":{"line":5,"column":2},"end":{"line":5,"column":3}},"loc":{"start":{"line":5,"column":15},"end":{"line":8,"column":3}},"line":5},"2":{"name":"(anonymous_2)","decl":{"start":{"line":9,"column":2},"end":{"line":9,"column":3}},"loc":{"start":{"line":9,"column":13},"end":{"line":12,"column":3}},"line":9},"3":{"name":"(anonymous_3)","decl":{"start":{"line":13,"column":2},"end":{"line":13,"column":3}},"loc":{"start":{"line":13,"column":12},"end":{"line":16,"column":3}},"line":13},"4":{"name":"(anonymous_4)","decl":{"start":{"line":17,"column":2},"end":{"line":17,"column":3}},"loc":{"start":{"line":17,"column":15},"end":{"line":20,"column":3}},"line":17},"5":{"name":"(anonymous_5)","decl":{"start":{"line":21,"column":2},"end":{"line":21,"column":3}},"loc":{"start":{"line":21,"column":16},"end":{"line":24,"column":3}},"line":21},"6":{"name":"(anonymous_6)","decl":{"start":{"line":25,"column":2},"end":{"line":25,"column":3}},"loc":{"start":{"line":25,"column":20},"end":{"line":30,"column":3}},"line":25},"7":{"name":"(anonymous_7)","decl":{"start":{"line":31,"column":2},"end":{"line":31,"column":3}},"loc":{"start":{"line":31,"column":22},"end":{"line":37,"column":3}},"line":31},"8":{"name":"(anonymous_8)","decl":{"start":{"line":38,"column":2},"end":{"line":38,"column":3}},"loc":{"start":{"line":38,"column":20},"end":{"line":44,"column":3}},"line":38},"9":{"name":"(anonymous_9)","decl":{"start":{"line":45,"column":2},"end":{"line":45,"column":3}},"loc":{"start":{"line":45,"column":19},"end":{"line":51,"column":3}},"line":45},"10":{"name":"(anonymous_10)","decl":{"start":{"line":52,"column":2},"end":{"line":52,"column":3}},"loc":{"start":{"line":52,"column":23},"end":{"line":54,"column":3}},"line":52}},"branchMap":{},"s":{"0":11,"1":1,"2":1,"3":1,"4":1,"5":1,"6":1,"7":1,"8":1,"9":1,"10":1,"11":1,"12":1,"13":1,"14":1,"15":1,"16":1,"17":1,"18":1,"19":1,"20":1,"21":1,"22":1,"23":1,"24":1,"25":1,"26":1,"27":1,"28":1,"29":1},"f":{"0":11,"1":1,"2":1,"3":1,"4":1,"5":1,"6":1,"7":1,"8":1,"9":1,"10":1},"b":{},"_coverageSchema":"43e27e138ebf9cfc5966b082cf9a028302ed4184","hash":"20d4ace5a268f9641afc3a4ea827179589431ebc"}
}
